09:31:56 INFO  org.example.Calculator - Executing command: push with args: [1]
09:31:56 INFO  org.example.Calculator - Command executed successfully: push
10:01:52 INFO  org.example.Calculator - Executing command: PUSH with args: [4]
10:01:52 INFO  org.example.Calculator - Command executed successfully: PUSH
10:01:58 INFO  org.example.Calculator - Executing command: PUSH with args: [6]
10:01:58 INFO  org.example.Calculator - Command executed successfully: PUSH
10:02:00 INFO  org.example.Calculator - Executing command: ADD with args: []
10:02:07 INFO  org.example.Calculator - Executing command: ADD with args: []
10:02:56 INFO  org.example.Calculator - Executing command: ADD with args: [4, 5]
10:03:04 INFO  org.example.Calculator - Executing command: ADD with args: []
10:03:43 INFO  org.example.Calculator - Executing command: PUSH with args: [4]
10:03:54 INFO  org.example.Calculator - Command executed successfully: PUSH
10:04:16 INFO  org.example.Calculator - Executing command: ADD with args: []
10:04:25 INFO  org.example.Calculator - Executing command: PUSH with args: [10]
10:04:28 INFO  org.example.Calculator - Command executed successfully: PUSH
10:04:39 INFO  org.example.Calculator - Executing command: PUSH with args: [10]
10:04:40 INFO  org.example.Calculator - Command executed successfully: PUSH
10:04:45 INFO  org.example.Calculator - Executing command: ADD with args: []
10:09:01 INFO  org.example.Calculator - Executing command: PUSH with args: [4]
10:09:01 INFO  org.example.Calculator - Command executed successfully: PUSH
10:09:09 INFO  org.example.Calculator - Executing command: PUSH with args: [4]
10:09:09 INFO  org.example.Calculator - Command executed successfully: PUSH
10:09:10 INFO  org.example.Calculator - Executing command: ADD with args: []
10:09:10 WARN  org.example.Calculator - Invalid Command
10:20:55 INFO  org.example.Calculator - Executing command: gahgka with args: []
10:20:55 WARN  org.example.Calculator - Invalid Command [Ljava.lang.String;@39cf10f7
java.lang.NullPointerException: Cannot invoke "org.example.Commands.CommandName.minStackSize()" because "meta" is null
	at org.example.Calculator.executeLine(Calculator.java:58) ~[main/:?]
	at org.example.Calculator.run(Calculator.java:35) [main/:?]
	at org.example.CalculatorGUI.execute(CalculatorGUI.java:106) [main/:?]
	at org.example.CalculatorGUI.runSingle(CalculatorGUI.java:97) [main/:?]
	at org.example.CalculatorGUI.lambda$new$0(CalculatorGUI.java:53) [main/:?]
	at java.desktop/javax.swing.JTextField.fireActionPerformed(JTextField.java:525) [?:?]
	at java.desktop/javax.swing.JTextField.postActionEvent(JTextField.java:740) [?:?]
	at java.desktop/javax.swing.JTextField$NotifyAction.actionPerformed(JTextField.java:856) [?:?]
	at java.desktop/javax.swing.SwingUtilities.notifyAction(SwingUtilities.java:1804) [?:?]
	at java.desktop/javax.swing.JComponent.processKeyBinding(JComponent.java:2962) [?:?]
	at java.desktop/javax.swing.JComponent.processKeyBindings(JComponent.java:3010) [?:?]
	at java.desktop/javax.swing.JComponent.processKeyEvent(JComponent.java:2924) [?:?]
	at java.desktop/java.awt.Component.processEvent(Component.java:6353) [?:?]
	at java.desktop/java.awt.Container.processEvent(Container.java:2260) [?:?]
	at java.desktop/java.awt.Component.dispatchEventImpl(Component.java:4958) [?:?]
	at java.desktop/java.awt.Container.dispatchEventImpl(Container.java:2318) [?:?]
	at java.desktop/java.awt.Component.dispatchEvent(Component.java:4790) [?:?]
	at java.desktop/java.awt.KeyboardFocusManager.redispatchEvent(KeyboardFocusManager.java:1829) [?:?]
	at java.desktop/java.awt.DefaultKeyboardFocusManager.dispatchKeyEvent(DefaultKeyboardFocusManager.java:874) [?:?]
	at java.desktop/java.awt.DefaultKeyboardFocusManager.preDispatchKeyEvent(DefaultKeyboardFocusManager.java:1136) [?:?]
	at java.desktop/java.awt.DefaultKeyboardFocusManager.typeAheadAssertions(DefaultKeyboardFocusManager.java:1011) [?:?]
	at java.desktop/java.awt.DefaultKeyboardFocusManager.dispatchEvent(DefaultKeyboardFocusManager.java:839) [?:?]
	at java.desktop/java.awt.Component.dispatchEventImpl(Component.java:4839) [?:?]
	at java.desktop/java.awt.Container.dispatchEventImpl(Container.java:2318) [?:?]
	at java.desktop/java.awt.Window.dispatchEventImpl(Window.java:2671) [?:?]
	at java.desktop/java.awt.Component.dispatchEvent(Component.java:4790) [?:?]
	at java.desktop/java.awt.EventQueue.dispatchEventImpl(EventQueue.java:725) [?:?]
	at java.desktop/java.awt.EventQueue.dispatchEvent(EventQueue.java:702) [?:?]
	at java.desktop/java.awt.EventDispatchThread.pumpOneEventForFilters(EventDispatchThread.java:203) [?:?]
	at java.desktop/java.awt.EventDispatchThread.pumpEventsForFilter(EventDispatchThread.java:124) [?:?]
	at java.desktop/java.awt.EventDispatchThread.pumpEventsForHierarchy(EventDispatchThread.java:113) [?:?]
	at java.desktop/java.awt.EventDispatchThread.pumpEvents(EventDispatchThread.java:109) [?:?]
	at java.desktop/java.awt.EventDispatchThread.pumpEvents(EventDispatchThread.java:101) [?:?]
	at java.desktop/java.awt.EventDispatchThread.run(EventDispatchThread.java:90) [?:?]
10:21:11 INFO  org.example.Calculator - Executing command: DEFINE with args: [a, 4]
10:21:11 INFO  org.example.Calculator - Command executed successfully: DEFINE
10:21:17 INFO  org.example.Calculator - Executing command: PUSH with args: [4]
10:21:17 INFO  org.example.Calculator - Command executed successfully: PUSH
10:21:19 INFO  org.example.Calculator - Executing command: PUSH with args: [5]
10:21:19 INFO  org.example.Calculator - Command executed successfully: PUSH
18:56:01 INFO  org.example.Calculator - Executing command: увафы with args: []
18:56:01 WARN  org.example.Calculator - Invalid Command [Ljava.lang.String;@2667e119
java.lang.NullPointerException: Cannot invoke "org.example.Commands.CommandName.minStackSize()" because "meta" is null
	at org.example.Calculator.executeLine(Calculator.java:58) ~[main/:?]
	at org.example.Calculator.run(Calculator.java:35) [main/:?]
	at org.example.CalculatorGUI.execute(CalculatorGUI.java:106) [main/:?]
	at org.example.CalculatorGUI.runSingle(CalculatorGUI.java:97) [main/:?]
	at org.example.CalculatorGUI.lambda$new$0(CalculatorGUI.java:53) [main/:?]
	at java.desktop/javax.swing.JTextField.fireActionPerformed(JTextField.java:525) [?:?]
	at java.desktop/javax.swing.JTextField.postActionEvent(JTextField.java:740) [?:?]
	at java.desktop/javax.swing.JTextField$NotifyAction.actionPerformed(JTextField.java:856) [?:?]
	at java.desktop/javax.swing.SwingUtilities.notifyAction(SwingUtilities.java:1804) [?:?]
	at java.desktop/javax.swing.JComponent.processKeyBinding(JComponent.java:2962) [?:?]
	at java.desktop/javax.swing.JComponent.processKeyBindings(JComponent.java:3010) [?:?]
	at java.desktop/javax.swing.JComponent.processKeyEvent(JComponent.java:2924) [?:?]
	at java.desktop/java.awt.Component.processEvent(Component.java:6353) [?:?]
	at java.desktop/java.awt.Container.processEvent(Container.java:2260) [?:?]
	at java.desktop/java.awt.Component.dispatchEventImpl(Component.java:4958) [?:?]
	at java.desktop/java.awt.Container.dispatchEventImpl(Container.java:2318) [?:?]
	at java.desktop/java.awt.Component.dispatchEvent(Component.java:4790) [?:?]
	at java.desktop/java.awt.KeyboardFocusManager.redispatchEvent(KeyboardFocusManager.java:1829) [?:?]
	at java.desktop/java.awt.DefaultKeyboardFocusManager.dispatchKeyEvent(DefaultKeyboardFocusManager.java:874) [?:?]
	at java.desktop/java.awt.DefaultKeyboardFocusManager.preDispatchKeyEvent(DefaultKeyboardFocusManager.java:1136) [?:?]
	at java.desktop/java.awt.DefaultKeyboardFocusManager.typeAheadAssertions(DefaultKeyboardFocusManager.java:1011) [?:?]
	at java.desktop/java.awt.DefaultKeyboardFocusManager.dispatchEvent(DefaultKeyboardFocusManager.java:839) [?:?]
	at java.desktop/java.awt.Component.dispatchEventImpl(Component.java:4839) [?:?]
	at java.desktop/java.awt.Container.dispatchEventImpl(Container.java:2318) [?:?]
	at java.desktop/java.awt.Window.dispatchEventImpl(Window.java:2671) [?:?]
	at java.desktop/java.awt.Component.dispatchEvent(Component.java:4790) [?:?]
	at java.desktop/java.awt.EventQueue.dispatchEventImpl(EventQueue.java:725) [?:?]
	at java.desktop/java.awt.EventQueue.dispatchEvent(EventQueue.java:702) [?:?]
	at java.desktop/java.awt.EventDispatchThread.pumpOneEventForFilters(EventDispatchThread.java:203) [?:?]
	at java.desktop/java.awt.EventDispatchThread.pumpEventsForFilter(EventDispatchThread.java:124) [?:?]
	at java.desktop/java.awt.EventDispatchThread.pumpEventsForHierarchy(EventDispatchThread.java:113) [?:?]
	at java.desktop/java.awt.EventDispatchThread.pumpEvents(EventDispatchThread.java:109) [?:?]
	at java.desktop/java.awt.EventDispatchThread.pumpEvents(EventDispatchThread.java:101) [?:?]
	at java.desktop/java.awt.EventDispatchThread.run(EventDispatchThread.java:90) [?:?]
18:56:11 INFO  org.example.Calculator - Executing command: рплрпл with args: []
18:56:11 WARN  org.example.Calculator - Invalid Command [Ljava.lang.String;@16605835
java.lang.NullPointerException: Cannot invoke "org.example.Commands.CommandName.minStackSize()" because "meta" is null
	at org.example.Calculator.executeLine(Calculator.java:58) ~[main/:?]
	at org.example.Calculator.run(Calculator.java:35) [main/:?]
	at org.example.CalculatorGUI.execute(CalculatorGUI.java:106) [main/:?]
	at org.example.CalculatorGUI.runSingle(CalculatorGUI.java:97) [main/:?]
	at org.example.CalculatorGUI.lambda$new$0(CalculatorGUI.java:53) [main/:?]
	at java.desktop/javax.swing.JTextField.fireActionPerformed(JTextField.java:525) [?:?]
	at java.desktop/javax.swing.JTextField.postActionEvent(JTextField.java:740) [?:?]
	at java.desktop/javax.swing.JTextField$NotifyAction.actionPerformed(JTextField.java:856) [?:?]
	at java.desktop/javax.swing.SwingUtilities.notifyAction(SwingUtilities.java:1804) [?:?]
	at java.desktop/javax.swing.JComponent.processKeyBinding(JComponent.java:2962) [?:?]
	at java.desktop/javax.swing.JComponent.processKeyBindings(JComponent.java:3010) [?:?]
	at java.desktop/javax.swing.JComponent.processKeyEvent(JComponent.java:2924) [?:?]
	at java.desktop/java.awt.Component.processEvent(Component.java:6353) [?:?]
	at java.desktop/java.awt.Container.processEvent(Container.java:2260) [?:?]
	at java.desktop/java.awt.Component.dispatchEventImpl(Component.java:4958) [?:?]
	at java.desktop/java.awt.Container.dispatchEventImpl(Container.java:2318) [?:?]
	at java.desktop/java.awt.Component.dispatchEvent(Component.java:4790) [?:?]
	at java.desktop/java.awt.KeyboardFocusManager.redispatchEvent(KeyboardFocusManager.java:1829) [?:?]
	at java.desktop/java.awt.DefaultKeyboardFocusManager.dispatchKeyEvent(DefaultKeyboardFocusManager.java:874) [?:?]
	at java.desktop/java.awt.DefaultKeyboardFocusManager.preDispatchKeyEvent(DefaultKeyboardFocusManager.java:1136) [?:?]
	at java.desktop/java.awt.DefaultKeyboardFocusManager.typeAheadAssertions(DefaultKeyboardFocusManager.java:1011) [?:?]
	at java.desktop/java.awt.DefaultKeyboardFocusManager.dispatchEvent(DefaultKeyboardFocusManager.java:839) [?:?]
	at java.desktop/java.awt.Component.dispatchEventImpl(Component.java:4839) [?:?]
	at java.desktop/java.awt.Container.dispatchEventImpl(Container.java:2318) [?:?]
	at java.desktop/java.awt.Window.dispatchEventImpl(Window.java:2671) [?:?]
	at java.desktop/java.awt.Component.dispatchEvent(Component.java:4790) [?:?]
	at java.desktop/java.awt.EventQueue.dispatchEventImpl(EventQueue.java:725) [?:?]
	at java.desktop/java.awt.EventQueue.dispatchEvent(EventQueue.java:702) [?:?]
	at java.desktop/java.awt.EventDispatchThread.pumpOneEventForFilters(EventDispatchThread.java:203) [?:?]
	at java.desktop/java.awt.EventDispatchThread.pumpEventsForFilter(EventDispatchThread.java:124) [?:?]
	at java.desktop/java.awt.EventDispatchThread.pumpEventsForHierarchy(EventDispatchThread.java:113) [?:?]
	at java.desktop/java.awt.EventDispatchThread.pumpEvents(EventDispatchThread.java:109) [?:?]
	at java.desktop/java.awt.EventDispatchThread.pumpEvents(EventDispatchThread.java:101) [?:?]
	at java.desktop/java.awt.EventDispatchThread.run(EventDispatchThread.java:90) [?:?]
18:56:12 INFO  org.example.Calculator - Executing command: орплрпл with args: []
18:56:12 WARN  org.example.Calculator - Invalid Command [Ljava.lang.String;@20500b86
java.lang.NullPointerException: Cannot invoke "org.example.Commands.CommandName.minStackSize()" because "meta" is null
	at org.example.Calculator.executeLine(Calculator.java:58) ~[main/:?]
	at org.example.Calculator.run(Calculator.java:35) [main/:?]
	at org.example.CalculatorGUI.execute(CalculatorGUI.java:106) [main/:?]
	at org.example.CalculatorGUI.runSingle(CalculatorGUI.java:97) [main/:?]
	at org.example.CalculatorGUI.lambda$new$0(CalculatorGUI.java:53) [main/:?]
	at java.desktop/javax.swing.JTextField.fireActionPerformed(JTextField.java:525) [?:?]
	at java.desktop/javax.swing.JTextField.postActionEvent(JTextField.java:740) [?:?]
	at java.desktop/javax.swing.JTextField$NotifyAction.actionPerformed(JTextField.java:856) [?:?]
	at java.desktop/javax.swing.SwingUtilities.notifyAction(SwingUtilities.java:1804) [?:?]
	at java.desktop/javax.swing.JComponent.processKeyBinding(JComponent.java:2962) [?:?]
	at java.desktop/javax.swing.JComponent.processKeyBindings(JComponent.java:3010) [?:?]
	at java.desktop/javax.swing.JComponent.processKeyEvent(JComponent.java:2924) [?:?]
	at java.desktop/java.awt.Component.processEvent(Component.java:6353) [?:?]
	at java.desktop/java.awt.Container.processEvent(Container.java:2260) [?:?]
	at java.desktop/java.awt.Component.dispatchEventImpl(Component.java:4958) [?:?]
	at java.desktop/java.awt.Container.dispatchEventImpl(Container.java:2318) [?:?]
	at java.desktop/java.awt.Component.dispatchEvent(Component.java:4790) [?:?]
	at java.desktop/java.awt.KeyboardFocusManager.redispatchEvent(KeyboardFocusManager.java:1829) [?:?]
	at java.desktop/java.awt.DefaultKeyboardFocusManager.dispatchKeyEvent(DefaultKeyboardFocusManager.java:874) [?:?]
	at java.desktop/java.awt.DefaultKeyboardFocusManager.preDispatchKeyEvent(DefaultKeyboardFocusManager.java:1136) [?:?]
	at java.desktop/java.awt.DefaultKeyboardFocusManager.typeAheadAssertions(DefaultKeyboardFocusManager.java:1011) [?:?]
	at java.desktop/java.awt.DefaultKeyboardFocusManager.dispatchEvent(DefaultKeyboardFocusManager.java:839) [?:?]
	at java.desktop/java.awt.Component.dispatchEventImpl(Component.java:4839) [?:?]
	at java.desktop/java.awt.Container.dispatchEventImpl(Container.java:2318) [?:?]
	at java.desktop/java.awt.Window.dispatchEventImpl(Window.java:2671) [?:?]
	at java.desktop/java.awt.Component.dispatchEvent(Component.java:4790) [?:?]
	at java.desktop/java.awt.EventQueue.dispatchEventImpl(EventQueue.java:725) [?:?]
	at java.desktop/java.awt.EventQueue.dispatchEvent(EventQueue.java:702) [?:?]
	at java.desktop/java.awt.EventDispatchThread.pumpOneEventForFilters(EventDispatchThread.java:203) [?:?]
	at java.desktop/java.awt.EventDispatchThread.pumpEventsForFilter(EventDispatchThread.java:124) [?:?]
	at java.desktop/java.awt.EventDispatchThread.pumpEventsForHierarchy(EventDispatchThread.java:113) [?:?]
	at java.desktop/java.awt.EventDispatchThread.pumpEvents(EventDispatchThread.java:109) [?:?]
	at java.desktop/java.awt.EventDispatchThread.pumpEvents(EventDispatchThread.java:101) [?:?]
	at java.desktop/java.awt.EventDispatchThread.run(EventDispatchThread.java:90) [?:?]
19:20:48 INFO  org.example.Calculator - Executing command: pUSH with args: [4]
19:20:48 WARN  org.example.Calculator - CalculatorException in command 'pUSH': No matching execute method found for given arguments
19:20:52 INFO  org.example.Calculator - Executing command: PUSH with args: [10]
19:20:52 WARN  org.example.Calculator - CalculatorException in command 'PUSH': No matching execute method found for given arguments
11:27:01 INFO  org.example.Calculator - Executing command: PUSH with args: [10]
11:27:01 INFO  org.example.Calculator - Command executed successfully: PUSH
11:27:05 INFO  org.example.Calculator - Executing command: PUSH with args: [5]
11:27:05 INFO  org.example.Calculator - Command executed successfully: PUSH
11:27:09 INFO  org.example.Calculator - Executing command: ADD with args: []
11:27:09 WARN  org.example.Calculator - Invalid Command [Ljava.lang.String;@4dbc7acf
java.lang.NoSuchMethodException: org.example.Commands.AddCommand.<init>()
	at java.base/java.lang.Class.getConstructor0(Class.java:3187) ~[?:?]
	at java.base/java.lang.Class.getDeclaredConstructor(Class.java:2491) ~[?:?]
	at org.example.CommandFactory.create(CommandFactory.java:84) ~[main/:?]
	at org.example.Calculator.executeLine(Calculator.java:60) ~[main/:?]
	at org.example.Calculator.run(Calculator.java:34) [main/:?]
	at org.example.CalculatorGUI.execute(CalculatorGUI.java:106) [main/:?]
	at org.example.CalculatorGUI.runSingle(CalculatorGUI.java:97) [main/:?]
	at org.example.CalculatorGUI.lambda$new$0(CalculatorGUI.java:53) [main/:?]
	at java.desktop/javax.swing.JTextField.fireActionPerformed(JTextField.java:525) [?:?]
	at java.desktop/javax.swing.JTextField.postActionEvent(JTextField.java:740) [?:?]
	at java.desktop/javax.swing.JTextField$NotifyAction.actionPerformed(JTextField.java:856) [?:?]
	at java.desktop/javax.swing.SwingUtilities.notifyAction(SwingUtilities.java:1804) [?:?]
	at java.desktop/javax.swing.JComponent.processKeyBinding(JComponent.java:2962) [?:?]
	at java.desktop/javax.swing.JComponent.processKeyBindings(JComponent.java:3010) [?:?]
	at java.desktop/javax.swing.JComponent.processKeyEvent(JComponent.java:2924) [?:?]
	at java.desktop/java.awt.Component.processEvent(Component.java:6353) [?:?]
	at java.desktop/java.awt.Container.processEvent(Container.java:2260) [?:?]
	at java.desktop/java.awt.Component.dispatchEventImpl(Component.java:4958) [?:?]
	at java.desktop/java.awt.Container.dispatchEventImpl(Container.java:2318) [?:?]
	at java.desktop/java.awt.Component.dispatchEvent(Component.java:4790) [?:?]
	at java.desktop/java.awt.KeyboardFocusManager.redispatchEvent(KeyboardFocusManager.java:1829) [?:?]
	at java.desktop/java.awt.DefaultKeyboardFocusManager.dispatchKeyEvent(DefaultKeyboardFocusManager.java:874) [?:?]
	at java.desktop/java.awt.DefaultKeyboardFocusManager.preDispatchKeyEvent(DefaultKeyboardFocusManager.java:1136) [?:?]
	at java.desktop/java.awt.DefaultKeyboardFocusManager.typeAheadAssertions(DefaultKeyboardFocusManager.java:1011) [?:?]
	at java.desktop/java.awt.DefaultKeyboardFocusManager.dispatchEvent(DefaultKeyboardFocusManager.java:839) [?:?]
	at java.desktop/java.awt.Component.dispatchEventImpl(Component.java:4839) [?:?]
	at java.desktop/java.awt.Container.dispatchEventImpl(Container.java:2318) [?:?]
	at java.desktop/java.awt.Window.dispatchEventImpl(Window.java:2671) [?:?]
	at java.desktop/java.awt.Component.dispatchEvent(Component.java:4790) [?:?]
	at java.desktop/java.awt.EventQueue.dispatchEventImpl(EventQueue.java:725) [?:?]
	at java.desktop/java.awt.EventQueue.dispatchEvent(EventQueue.java:702) [?:?]
	at java.desktop/java.awt.EventDispatchThread.pumpOneEventForFilters(EventDispatchThread.java:203) [?:?]
	at java.desktop/java.awt.EventDispatchThread.pumpEventsForFilter(EventDispatchThread.java:124) [?:?]
	at java.desktop/java.awt.EventDispatchThread.pumpEventsForHierarchy(EventDispatchThread.java:113) [?:?]
	at java.desktop/java.awt.EventDispatchThread.pumpEvents(EventDispatchThread.java:109) [?:?]
	at java.desktop/java.awt.EventDispatchThread.pumpEvents(EventDispatchThread.java:101) [?:?]
	at java.desktop/java.awt.EventDispatchThread.run(EventDispatchThread.java:90) [?:?]
11:27:11 INFO  org.example.Calculator - Executing command: add with args: []
11:27:11 WARN  org.example.Calculator - Invalid Command [Ljava.lang.String;@507c0937
java.lang.NoSuchMethodException: org.example.Commands.AddCommand.<init>()
	at java.base/java.lang.Class.getConstructor0(Class.java:3187) ~[?:?]
	at java.base/java.lang.Class.getDeclaredConstructor(Class.java:2491) ~[?:?]
	at org.example.CommandFactory.create(CommandFactory.java:84) ~[main/:?]
	at org.example.Calculator.executeLine(Calculator.java:60) ~[main/:?]
	at org.example.Calculator.run(Calculator.java:34) [main/:?]
	at org.example.CalculatorGUI.execute(CalculatorGUI.java:106) [main/:?]
	at org.example.CalculatorGUI.runSingle(CalculatorGUI.java:97) [main/:?]
	at org.example.CalculatorGUI.lambda$new$0(CalculatorGUI.java:53) [main/:?]
	at java.desktop/javax.swing.JTextField.fireActionPerformed(JTextField.java:525) [?:?]
	at java.desktop/javax.swing.JTextField.postActionEvent(JTextField.java:740) [?:?]
	at java.desktop/javax.swing.JTextField$NotifyAction.actionPerformed(JTextField.java:856) [?:?]
	at java.desktop/javax.swing.SwingUtilities.notifyAction(SwingUtilities.java:1804) [?:?]
	at java.desktop/javax.swing.JComponent.processKeyBinding(JComponent.java:2962) [?:?]
	at java.desktop/javax.swing.JComponent.processKeyBindings(JComponent.java:3010) [?:?]
	at java.desktop/javax.swing.JComponent.processKeyEvent(JComponent.java:2924) [?:?]
	at java.desktop/java.awt.Component.processEvent(Component.java:6353) [?:?]
	at java.desktop/java.awt.Container.processEvent(Container.java:2260) [?:?]
	at java.desktop/java.awt.Component.dispatchEventImpl(Component.java:4958) [?:?]
	at java.desktop/java.awt.Container.dispatchEventImpl(Container.java:2318) [?:?]
	at java.desktop/java.awt.Component.dispatchEvent(Component.java:4790) [?:?]
	at java.desktop/java.awt.KeyboardFocusManager.redispatchEvent(KeyboardFocusManager.java:1829) [?:?]
	at java.desktop/java.awt.DefaultKeyboardFocusManager.dispatchKeyEvent(DefaultKeyboardFocusManager.java:874) [?:?]
	at java.desktop/java.awt.DefaultKeyboardFocusManager.preDispatchKeyEvent(DefaultKeyboardFocusManager.java:1136) [?:?]
	at java.desktop/java.awt.DefaultKeyboardFocusManager.typeAheadAssertions(DefaultKeyboardFocusManager.java:1011) [?:?]
	at java.desktop/java.awt.DefaultKeyboardFocusManager.dispatchEvent(DefaultKeyboardFocusManager.java:839) [?:?]
	at java.desktop/java.awt.Component.dispatchEventImpl(Component.java:4839) [?:?]
	at java.desktop/java.awt.Container.dispatchEventImpl(Container.java:2318) [?:?]
	at java.desktop/java.awt.Window.dispatchEventImpl(Window.java:2671) [?:?]
	at java.desktop/java.awt.Component.dispatchEvent(Component.java:4790) [?:?]
	at java.desktop/java.awt.EventQueue.dispatchEventImpl(EventQueue.java:725) [?:?]
	at java.desktop/java.awt.EventQueue.dispatchEvent(EventQueue.java:702) [?:?]
	at java.desktop/java.awt.EventDispatchThread.pumpOneEventForFilters(EventDispatchThread.java:203) [?:?]
	at java.desktop/java.awt.EventDispatchThread.pumpEventsForFilter(EventDispatchThread.java:124) [?:?]
	at java.desktop/java.awt.EventDispatchThread.pumpEventsForHierarchy(EventDispatchThread.java:113) [?:?]
	at java.desktop/java.awt.EventDispatchThread.pumpEvents(EventDispatchThread.java:109) [?:?]
	at java.desktop/java.awt.EventDispatchThread.pumpEvents(EventDispatchThread.java:101) [?:?]
	at java.desktop/java.awt.EventDispatchThread.run(EventDispatchThread.java:90) [?:?]
11:27:13 INFO  org.example.Calculator - Executing command: mul with args: []
11:27:13 INFO  org.example.Calculator - Command executed successfully: mul
